<?xml version="1.0" encoding="UTF-8"?>
<testng-results skipped="0" failed="0" total="1" passed="1">
  <reporter-output>
  </reporter-output>
  <suite name="Default suite" duration-ms="24454" started-at="2020-10-30T12:09:21Z" finished-at="2020-10-30T12:09:46Z">
    <groups>
    </groups>
    <test name="Default test" duration-ms="24454" started-at="2020-10-30T12:09:21Z" finished-at="2020-10-30T12:09:46Z">
      <class name="handlingMultipleElem.HandlingAutoSuggestion">
        <test-method status="PASS" signature="aml()[pri:0, instance:handlingMultipleElem.HandlingAutoSuggestion@7f9a81e8]" name="aml" duration-ms="24423" started-at="2020-10-30T17:39:21Z" finished-at="2020-10-30T17:39:46Z">
          <reporter-output>
          </reporter-output>
        </test-method> <!-- aml -->
      </class> <!-- handlingMultipleElem.HandlingAutoSuggestion -->
    </test> <!-- Default test -->
  </suite> <!-- Default suite -->
</testng-results>
